<?xml version="1.0" encoding="UTF-8" ?>
<testsuite errors="0" failures="0" hostname="MacBook-Pro.local" name="junit.net.yura.domination.AllTests" skipped="0" tests="4" time="0.387" timestamp="2016-10-23T20:44:23">
  <properties>
    <property name="java.vendor" value="Oracle Corporation" />
    <property name="netbeans.user" value="/Users/brett/Library/Application Support/NetBeans/8.1" />
    <property name="sun.java.launcher" value="SUN_STANDARD" />
    <property name="env.XPC_SERVICE_NAME" value="0" />
    <property name="sun.management.compiler" value="HotSpot 64-Bit Tiered Compilers" />
    <property name="env.SECURITYSESSIONID" value="186a8" />
    <property name="netbeans.autoupdate.version" value="1.23" />
    <property name="os.name" value="Mac OS X" />
    <property name="sun.boot.class.path" value="/Library/Java/JavaVirtualMachines/jdk1.8.0_51.jdk/Contents/Home/jre/lib/resources.jar:/Library/Java/JavaVirtualMachines/jdk1.8.0_51.jdk/Contents/Home/jre/lib/rt.jar:/Library/Java/JavaVirtualMachines/jdk1.8.0_51.jdk/Contents/Home/jre/lib/sunrsasign.jar:/Library/Java/JavaVirtualMachines/jdk1.8.0_51.jdk/Contents/Home/jre/lib/jsse.jar:/Library/Java/JavaVirtualMachines/jdk1.8.0_51.jdk/Contents/Home/jre/lib/jce.jar:/Library/Java/JavaVirtualMachines/jdk1.8.0_51.jdk/Contents/Home/jre/lib/charsets.jar:/Library/Java/JavaVirtualMachines/jdk1.8.0_51.jdk/Contents/Home/jre/lib/jfr.jar:/Library/Java/JavaVirtualMachines/jdk1.8.0_51.jdk/Contents/Home/jre/classes" />
    <property name="env.TMPDIR" value="/var/folders/d6/xz9p1rgj0pg3803hv7x36hqc0000gn/T/" />
    <property name="netbeans.importclass" value="org.netbeans.upgrade.AutoUpgrade" />
    <property name="env.PWD" value="/" />
    <property name="java.vm.specification.vendor" value="Oracle Corporation" />
    <property name="ant.home" value="/Applications/NetBeans/NetBeans 8.1.app/Contents/Resources/NetBeans/extide/ant" />
    <property name="java.runtime.version" value="1.8.0_51-b16" />
    <property name="netbeans.default_userdir_root" value="/Users/brett/Library/Application Support/NetBeans" />
    <property name="env.Apple_PubSub_Socket_Render" value="/private/tmp/com.apple.launchd.ASwrlZ5miV/Render" />
    <property name="env.DISPLAY" value="/private/tmp/com.apple.launchd.TUhc8lZ8Tw/org.macosforge.xquartz:0" />
    <property name="netbeans.accept_license_class" value="org.netbeans.license.AcceptLicense" />
    <property name="user.name" value="brett" />
    <property name="env._" value="/Library/Java/JavaVirtualMachines/jdk1.8.0_51.jdk/Contents/Home/bin/java" />
    <property name="env.USER" value="brett" />
    <property name="env.SHELL" value="/bin/bash" />
    <property name="env.__CF_USER_TEXT_ENCODING" value="0x1F5:0x0:0x0" />
    <property name="nb.show.statistics.ui" value="usageStatisticsEnabled" />
    <property name="env.PATH" value="/usr/bin:/bin:/usr/sbin:/sbin" />
    <property name="user.language" value="en" />
    <property name="sun.boot.library.path" value="/Library/Java/JavaVirtualMachines/jdk1.8.0_51.jdk/Contents/Home/jre/lib" />
    <property name="nb.native.filechooser" value="false" />
    <property name="ant.project.default-target" value="build" />
    <property name="env.XPC_FLAGS" value="0x0" />
    <property name="ant.project.name" value="Domination" />
    <property name="env.LC_CTYPE" value="UTF-8" />
    <property name="java.version" value="1.8.0_51" />
    <property name="sun.java2d.dpiaware" value="true" />
    <property name="user.timezone" value="America/Toronto" />
    <property name="sun.arch.data.model" value="64" />
    <property name="http.nonProxyHosts" value="local|*.local|169.254/16|*.169.254/16" />
    <property name="java.endorsed.dirs" value="/Library/Java/JavaVirtualMachines/jdk1.8.0_51.jdk/Contents/Home/jre/lib/endorsed" />
    <property name="sun.cpu.isalist" value="" />
    <property name="netbeans.productversion" value="NetBeans IDE 8.1 (Build 201510222201)" />
    <property name="sun.jnu.encoding" value="UTF-8" />
    <property name="file.encoding.pkg" value="sun.io" />
    <property name="env.SHLVL" value="1" />
    <property name="file.separator" value="/" />
    <property name="java.specification.name" value="Java Platform API Specification" />
    <property name="java.class.version" value="52.0" />
    <property name="user.country" value="US" />
    <property name="java.home" value="/Library/Java/JavaVirtualMachines/jdk1.8.0_51.jdk/Contents/Home/jre" />
    <property name="netbeans.buildnumber" value="201510222201" />
    <property name="java.vm.info" value="mixed mode" />
    <property name="org.openide.version" value="deprecated" />
    <property name="env.LOGNAME" value="brett" />
    <property name="ant.file" value="/Users/brett/Downloads/domination-code-1611/Domination/build.xml" />
    <property name="os.version" value="10.11.6" />
    <property name="netbeans.hash.code" value="unique=NB_JAVA_WEBCOMMON_WEBEE_MOB_CND_GROOVY_PHP_GFMOD0fc26718a-49d1-4b40-9d91-9c7743c2eab1_2c49200e-e076-4163-a7da-01ea3784ffac" />
    <property name="netbeans.autoupdate.country" value="US" />
    <property name="ignore.failing.tests" value="true" />
    <property name="sun.font.fontmanager" value="sun.font.CFontManager" />
    <property name="https.nonProxyHosts" value="localhost|127.0.0.1|MacBook-Pro.local" />
    <property name="path.separator" value=":" />
    <property name="java.vm.version" value="25.51-b03" />
    <property name="netbeans.dynamic.classpath" value="/Applications/NetBeans/NetBeans 8.1.app/Contents/Resources/NetBeans/platform/core/asm-all-5.0.1.jar:/Applications/NetBeans/NetBeans 8.1.app/Contents/Resources/NetBeans/platform/core/core-base.jar:/Applications/NetBeans/NetBeans 8.1.app/Contents/Resources/NetBeans/platform/core/core.jar:/Applications/NetBeans/NetBeans 8.1.app/Contents/Resources/NetBeans/platform/core/org-netbeans-libs-asm.jar:/Applications/NetBeans/NetBeans 8.1.app/Contents/Resources/NetBeans/platform/core/org-openide-filesystems-compat8.jar:/Applications/NetBeans/NetBeans 8.1.app/Contents/Resources/NetBeans/platform/core/org-openide-filesystems.jar:/Applications/NetBeans/NetBeans 8.1.app/Contents/Resources/NetBeans/platform/core/locale/core-base_ja.jar:/Applications/NetBeans/NetBeans 8.1.app/Contents/Resources/NetBeans/platform/core/locale/core-base_pt_BR.jar:/Applications/NetBeans/NetBeans 8.1.app/Contents/Resources/NetBeans/platform/core/locale/core-base_ru.jar:/Applications/NetBeans/NetBeans 8.1.app/Contents/Resources/NetBeans/platform/core/locale/core-base_zh_CN.jar:/Applications/NetBeans/NetBeans 8.1.app/Contents/Resources/NetBeans/platform/core/locale/core_ja.jar:/Applications/NetBeans/NetBeans 8.1.app/Contents/Resources/NetBeans/platform/core/locale/core_pt_BR.jar:/Applications/NetBeans/NetBeans 8.1.app/Contents/Resources/NetBeans/platform/core/locale/core_ru.jar:/Applications/NetBeans/NetBeans 8.1.app/Contents/Resources/NetBeans/platform/core/locale/core_zh_CN.jar:/Applications/NetBeans/NetBeans 8.1.app/Contents/Resources/NetBeans/platform/core/locale/org-netbeans-libs-asm_ja.jar:/Applications/NetBeans/NetBeans 8.1.app/Contents/Resources/NetBeans/platform/core/locale/org-netbeans-libs-asm_pt_BR.jar:/Applications/NetBeans/NetBeans 8.1.app/Contents/Resources/NetBeans/platform/core/locale/org-netbeans-libs-asm_ru.jar:/Applications/NetBeans/NetBeans 8.1.app/Contents/Resources/NetBeans/platform/core/locale/org-netbeans-libs-asm_zh_CN.jar:/Applications/NetBeans/NetBeans 8.1.app/Contents/Resources/NetBeans/platform/core/locale/org-openide-filesystems-compat8_ja.jar:/Applications/NetBeans/NetBeans 8.1.app/Contents/Resources/NetBeans/platform/core/locale/org-openide-filesystems-compat8_pt_BR.jar:/Applications/NetBeans/NetBeans 8.1.app/Contents/Resources/NetBeans/platform/core/locale/org-openide-filesystems-compat8_ru.jar:/Applications/NetBeans/NetBeans 8.1.app/Contents/Resources/NetBeans/platform/core/locale/org-openide-filesystems-compat8_zh_CN.jar:/Applications/NetBeans/NetBeans 8.1.app/Contents/Resources/NetBeans/platform/core/locale/org-openide-filesystems_ja.jar:/Applications/NetBeans/NetBeans 8.1.app/Contents/Resources/NetBeans/platform/core/locale/org-openide-filesystems_pt_BR.jar:/Applications/NetBeans/NetBeans 8.1.app/Contents/Resources/NetBeans/platform/core/locale/org-openide-filesystems_ru.jar:/Applications/NetBeans/NetBeans 8.1.app/Contents/Resources/NetBeans/platform/core/locale/org-openide-filesystems_zh_CN.jar:/Applications/NetBeans/NetBeans 8.1.app/Contents/Resources/NetBeans/nb/core/org-netbeans-upgrader.jar:/Applications/NetBeans/NetBeans 8.1.app/Contents/Resources/NetBeans/nb/core/locale/core_nb.jar:/Applications/NetBeans/NetBeans 8.1.app/Contents/Resources/NetBeans/nb/core/locale/core_nb_ja.jar:/Applications/NetBeans/NetBeans 8.1.app/Contents/Resources/NetBeans/nb/core/locale/core_nb_pt_BR.jar:/Applications/NetBeans/NetBeans 8.1.app/Contents/Resources/NetBeans/nb/core/locale/core_nb_ru.jar:/Applications/NetBeans/NetBeans 8.1.app/Contents/Resources/NetBeans/nb/core/locale/core_nb_zh_CN.jar:/Applications/NetBeans/NetBeans 8.1.app/Contents/Resources/NetBeans/nb/core/locale/org-netbeans-upgrader_ja.jar:/Applications/NetBeans/NetBeans 8.1.app/Contents/Resources/NetBeans/nb/core/locale/org-netbeans-upgrader_pt_BR.jar:/Applications/NetBeans/NetBeans 8.1.app/Contents/Resources/NetBeans/nb/core/locale/org-netbeans-upgrader_ru.jar:/Applications/NetBeans/NetBeans 8.1.app/Contents/Resources/NetBeans/nb/core/locale/org-netbeans-upgrader_zh_CN.jar" />
    <property name="jna.boot.library.name" value="jnidispatch-410" />
    <property name="junit.output.dir" value="junit" />
    <property name="sun.awt.enableExtraMouseButtons" value="true" />
    <property name="com.apple.mrj.application.apple.menu.about.name" value="NetBeans" />
    <property name="java.awt.printerjob" value="sun.lwawt.macosx.CPrinterJob" />
    <property name="ant.junit.enabletestlistenerevents" value="true" />
    <property name="env.JAVA_MAIN_CLASS_28969" value="org.netbeans.Main" />
    <property name="sun.io.unicode.encoding" value="UnicodeBig" />
    <property name="awt.toolkit" value="sun.lwawt.macosx.LWCToolkit" />
    <property name="netbeans.autoupdate.variant" value="" />
    <property name="socksNonProxyHosts" value="local|*.local|169.254/16|*.169.254/16" />
    <property name="ftp.nonProxyHosts" value="local|*.local|169.254/16|*.169.254/16" />
    <property name="org.openide.major.version" value="IDE/1" />
    <property name="target" value="1.8" />
    <property name="user.home" value="/Users/brett" />
    <property name="netbeans.home" value="/Applications/NetBeans/NetBeans 8.1.app/Contents/Resources/NetBeans/platform" />
    <property name="java.specification.vendor" value="Oracle Corporation" />
    <property name="ant.file.Domination" value="/Users/brett/Downloads/domination-code-1611/Domination/build.xml" />
    <property name="apple.laf.useScreenMenuBar" value="true" />
    <property name="org.xml.sax.driver" value="com.sun.org.apache.xerces.internal.jaxp.SAXParserImpl$JAXPSAXParser" />
    <property name="java.vendor.url" value="http://java.oracle.com/" />
    <property name="java.library.path" value="/Users/brett/Library/Java/Extensions:/Library/Java/Extensions:/Network/Library/Java/Extensions:/System/Library/Java/Extensions:/usr/lib/java:." />
    <property name="gopherProxySet" value="false" />
    <property name="java.vm.vendor" value="Oracle Corporation" />
    <property name="ant.file.type.Domination" value="file" />
    <property name="java.runtime.name" value="Java(TM) SE Runtime Environment" />
    <property name="ant.version" value="Apache Ant(TM) version 1.9.4 compiled on April 29 2014" />
    <property name="sun.java.command" value="org.apache.tools.ant.taskdefs.optional.junit.JUnitTestRunner junit.net.yura.domination.AllTests skipNonTests=false filtertrace=true haltOnError=false haltOnFailure=false formatter=org.apache.tools.ant.taskdefs.optional.junit.OutErrSummaryJUnitResultFormatter showoutput=false outputtoformatters=true logfailedtests=true threadid=0 logtestlistenerevents=true formatter=org.apache.tools.ant.taskdefs.optional.junit.XMLJUnitResultFormatter,/Users/brett/Downloads/domination-code-1611/Domination/junit/TEST-junit.net.yura.domination.AllTests.xml crashfile=/Users/brett/Downloads/domination-code-1611/Domination/junitvmwatcher5149330179020714877.properties propsfile=/Users/brett/Downloads/domination-code-1611/Domination/junit117905374410964192.properties" />
    <property name="java.class.path" value="/Users/brett/Downloads/domination-code-1611/Domination/bin/classes:/Users/brett/.p2/pool/plugins/org.junit_4.12.0.v201504281640/junit.jar:/Users/brett/.p2/pool/plugins/org.hamcrest.core_1.3.0.v201303031735.jar:/Users/brett/Downloads/domination-code-1611/Domination/assets:/Users/brett/Downloads/domination-code-1611/Domination/BaseGameUtils:/Users/brett/Downloads/domination-code-1611/Domination/game:/Users/brett/Downloads/domination-code-1611/Domination/gradle:/Users/brett/Downloads/domination-code-1611/Domination/installer:/Users/brett/Downloads/domination-code-1611/Domination/lib:/Users/brett/Downloads/domination-code-1611/Domination/libs:/Users/brett/Downloads/domination-code-1611/Domination/nbproject:/Users/brett/Downloads/domination-code-1611/Domination/res:/Users/brett/Downloads/domination-code-1611/Domination/res_swing:/Users/brett/Downloads/domination-code-1611/Domination/sound:/Applications/NetBeans/NetBeans 8.1.app/Contents/Resources/NetBeans/extide/ant/lib/ant-launcher.jar:/Applications/NetBeans/NetBeans 8.1.app/Contents/Resources/NetBeans/extide/ant/lib/ant.jar:/Applications/NetBeans/NetBeans 8.1.app/Contents/Resources/NetBeans/extide/ant/lib/ant-junit.jar:/Applications/NetBeans/NetBeans 8.1.app/Contents/Resources/NetBeans/extide/ant/lib/ant-junit4.jar" />
    <property name="sun.java2d.noddraw" value="true" />
    <property name="java.vm.specification.name" value="Java Virtual Machine Specification" />
    <property name="jdk.home" value="/Library/Java/JavaVirtualMachines/jdk1.8.0_51.jdk/Contents/Home" />
    <property name="org.openide.specification.version" value="6.2" />
    <property name="java.vm.specification.version" value="1.8" />
    <property name="sun.os.patch.level" value="unknown" />
    <property name="sun.cpu.endian" value="little" />
    <property name="env.HOME" value="/Users/brett" />
    <property name="debuglevel" value="source,lines,vars" />
    <property name="env.LD_LIBRARY_PATH" value="/Library/Java/JavaVirtualMachines/jdk1.8.0_51.jdk/Contents/Home/jre/lib/amd64:/Library/Java/JavaVirtualMachines/jdk1.8.0_51.jdk/Contents/Home/jre/lib/i386:" />
    <property name="java.io.tmpdir" value="/var/folders/d6/xz9p1rgj0pg3803hv7x36hqc0000gn/T/" />
    <property name="java.vendor.url.bug" value="http://bugreport.sun.com/bugreport/" />
    <property name="env.SSH_AUTH_SOCK" value="/private/tmp/com.apple.launchd.7pcjK7C7wP/Listeners" />
    <property name="netbeans.dirs" value="/Applications/NetBeans/NetBeans 8.1.app/Contents/Resources/NetBeans/nb:/Applications/NetBeans/NetBeans 8.1.app/Contents/Resources/NetBeans/ergonomics:/Applications/NetBeans/NetBeans 8.1.app/Contents/Resources/NetBeans/ide:/Applications/NetBeans/NetBeans 8.1.app/Contents/Resources/NetBeans/extide:/Applications/NetBeans/NetBeans 8.1.app/Contents/Resources/NetBeans/java:/Applications/NetBeans/NetBeans 8.1.app/Contents/Resources/NetBeans/apisupport:/Applications/NetBeans/NetBeans 8.1.app/Contents/Resources/NetBeans/webcommon:/Applications/NetBeans/NetBeans 8.1.app/Contents/Resources/NetBeans/websvccommon:/Applications/NetBeans/NetBeans 8.1.app/Contents/Resources/NetBeans/enterprise:/Applications/NetBeans/NetBeans 8.1.app/Contents/Resources/NetBeans/mobility:/Applications/NetBeans/NetBeans 8.1.app/Contents/Resources/NetBeans/profiler:/Applications/NetBeans/NetBeans 8.1.app/Contents/Resources/NetBeans/python:/Applications/NetBeans/NetBeans 8.1.app/Contents/Resources/NetBeans/php:/Applications/NetBeans/NetBeans 8.1.app/Contents/Resources/NetBeans/identity:/Applications/NetBeans/NetBeans 8.1.app/Contents/Resources/NetBeans/harness:/Applications/NetBeans/NetBeans 8.1.app/Contents/Resources/NetBeans/cnd:/Applications/NetBeans/NetBeans 8.1.app/Contents/Resources/NetBeans/cndext:/Applications/NetBeans/NetBeans 8.1.app/Contents/Resources/NetBeans/dlight:/Applications/NetBeans/NetBeans 8.1.app/Contents/Resources/NetBeans/groovy:/Applications/NetBeans/NetBeans 8.1.app/Contents/Resources/NetBeans/extra:/Applications/NetBeans/NetBeans 8.1.app/Contents/Resources/NetBeans/javacard:/Applications/NetBeans/NetBeans 8.1.app/Contents/Resources/NetBeans/javafx:" />
    <property name="jna.platform.library.path" value="/usr/lib:/usr/lib" />
    <property name="netbeans.autoupdate.language" value="en" />
    <property name="os.arch" value="x86_64" />
    <property name="java.awt.graphicsenv" value="sun.awt.CGraphicsEnvironment" />
    <property name="nb.internal.action.name" value="test" />
    <property name="java.util.logging.config.class" value="org.netbeans.core.startup.TopLogging" />
    <property name="java.ext.dirs" value="/Users/brett/Library/Java/Extensions:/Library/Java/JavaVirtualMachines/jdk1.8.0_51.jdk/Contents/Home/jre/lib/ext:/Library/Java/Extensions:/Network/Library/Java/Extensions:/System/Library/Java/Extensions:/usr/lib/java" />
    <property name="user.dir" value="/" />
    <property name="build.compiler.emacs" value="true" />
    <property name="env.J2D_PIXMAPS" value="shared" />
    <property name="line.separator" value="&#xa;" />
    <property name="apple.awt.graphics.UseQuartz" value="true" />
    <property name="java.vm.name" value="Java HotSpot(TM) 64-Bit Server VM" />
    <property name="basedir" value="/Users/brett/Downloads/domination-code-1611/Domination" />
    <property name="ant.java.version" value="1.8" />
    <property name="sun.awt.datatransfer.timeout" value="1000" />
    <property name="ant.core.lib" value="/Applications/NetBeans/NetBeans 8.1.app/Contents/Resources/NetBeans/extide/ant/lib/ant.jar" />
    <property name="source" value="1.8" />
    <property name="file.encoding" value="UTF-8" />
    <property name="java.specification.version" value="1.8" />
    <property name="ant.project.invoked-targets" value="test" />
  </properties>
  <testcase classname="junit.net.yura.domination.engine.RiskUIUtilTest" name="testGetSafeMapID" time="0.015" />
  <testcase classname="junit.net.yura.domination.engine.RiskUIUtilTest" name="testGetExtension" time="0.195" />
  <testcase classname="junit.net.yura.domination.engine.RiskUIUtilTest" name="testGetURL" time="0.143" />
  <testcase classname="junit.net.yura.domination.engine.ai.AISimulationTest" name="testSomething" time="0.0" />
  <system-out><![CDATA[getSafeMapID
getExtension
getURL
]]></system-out>
  <system-err><![CDATA[]]></system-err>
</testsuite>
